clojure.lang.Compiler$CompilerException: Syntax error compiling var at (fipp/ednize.clj:71:13).
#:clojure.error{:phase :compile-syntax-check, :line 71, :column 13, :source "fipp/ednize.clj", :symbol var}
 at clojure.lang.Compiler.analyzeSeq (Compiler.java:7119)
    clojure.lang.Compiler.analyze (Compiler.java:6793)
    clojure.lang.Compiler.analyze (Compiler.java:6749)
    clojure.lang.Compiler$InvokeExpr.parse (Compiler.java:3892)
    clojure.lang.Compiler.analyzeSeq (Compiler.java:7113)
    clojure.lang.Compiler.analyze (Compiler.java:6793)
    clojure.lang.Compiler.access$300 (Compiler.java:38)
    clojure.lang.Compiler$LetExpr$Parser.parse (Compiler.java:6388)
    clojure.lang.Compiler.analyzeSeq (Compiler.java:7111)
    clojure.lang.Compiler.analyze (Compiler.java:6793)
    clojure.lang.Compiler.analyzeSeq (Compiler.java:7099)
    clojure.lang.Compiler.analyze (Compiler.java:6793)
    clojure.lang.Compiler.analyze (Compiler.java:6749)
    clojure.lang.Compiler$BodyExpr$Parser.parse (Compiler.java:6124)
    clojure.lang.Compiler$FnMethod.parse (Compiler.java:5471)
    clojure.lang.Compiler$FnExpr.parse (Compiler.java:4033)
    clojure.lang.Compiler.analyzeSeq (Compiler.java:7109)
    clojure.lang.Compiler.analyze (Compiler.java:6793)
    clojure.lang.Compiler.analyzeSeq (Compiler.java:7099)
    clojure.lang.Compiler.analyze (Compiler.java:6793)
    clojure.lang.Compiler.analyze (Compiler.java:6749)
    clojure.lang.Compiler$MapExpr.parse (Compiler.java:3108)
    clojure.lang.Compiler.analyze (Compiler.java:6801)
    clojure.lang.Compiler.analyze (Compiler.java:6749)
    clojure.lang.Compiler$InvokeExpr.parse (Compiler.java:3892)
    clojure.lang.Compiler.analyzeSeq (Compiler.java:7113)
    clojure.lang.Compiler.analyze (Compiler.java:6793)
    clojure.lang.Compiler.analyze (Compiler.java:6749)
    clojure.lang.Compiler$BodyExpr$Parser.parse (Compiler.java:6124)
    clojure.lang.Compiler$FnMethod.parse (Compiler.java:5471)
    clojure.lang.Compiler$FnExpr.parse (Compiler.java:4033)
    clojure.lang.Compiler.analyzeSeq (Compiler.java:7109)
    clojure.lang.Compiler.analyze (Compiler.java:6793)
    clojure.lang.Compiler.eval (Compiler.java:7178)
    clojure.lang.Compiler.eval (Compiler.java:7170)
    clojure.lang.Compiler.load (Compiler.java:7640)
    clojure.lang.RT.loadResourceScript (RT.java:381)
    clojure.lang.RT.loadResourceScript (RT.java:372)
    clojure.lang.RT.load (RT.java:459)
    clojure.lang.RT.load (RT.java:424)
    clojure.core$load$fn__6856.invoke (core.clj:6115)
    clojure.core$load.invokeStatic (core.clj:6114)
    clojure.core$load.doInvoke (core.clj:6098)
    clojure.lang.RestFn.invoke (RestFn.java:408)
    clojure.core$load_one.invokeStatic (core.clj:5897)
    clojure.core$load_one.invoke (core.clj:5892)
    clojure.core$load_lib$fn__6796.invoke (core.clj:5937)
    clojure.core$load_lib.invokeStatic (core.clj:5936)
    clojure.core$load_lib.doInvoke (core.clj:5917)
    clojure.lang.RestFn.applyTo (RestFn.java:142)
    clojure.core$apply.invokeStatic (core.clj:669)
    clojure.core$load_libs.invokeStatic (core.clj:5974)
    clojure.core$load_libs.doInvoke (core.clj:5958)
    clojure.lang.RestFn.applyTo (RestFn.java:137)
    clojure.core$apply.invokeStatic (core.clj:669)
    clojure.core$require.invokeStatic (core.clj:5996)
    clojure.core$require.doInvoke (core.clj:5996)
    clojure.lang.RestFn.invoke (RestFn.java:421)
    fipp.visit$eval910$loading__6737__auto____911.invoke (visit.cljc:1)
    fipp.visit$eval910.invokeStatic (visit.cljc:1)
    fipp.visit$eval910.invoke (visit.cljc:1)
    clojure.lang.Compiler.eval (Compiler.java:7181)
    clojure.lang.Compiler.eval (Compiler.java:7170)
    clojure.lang.Compiler.load (Compiler.java:7640)
    clojure.lang.RT.loadResourceScript (RT.java:381)
    clojure.lang.RT.loadResourceScript (RT.java:372)
    clojure.lang.RT.load (RT.java:459)
    clojure.lang.RT.load (RT.java:424)
    clojure.core$load$fn__6856.invoke (core.clj:6115)
    clojure.core$load.invokeStatic (core.clj:6114)
    clojure.core$load.doInvoke (core.clj:6098)
    clojure.lang.RestFn.invoke (RestFn.java:408)
    clojure.core$load_one.invokeStatic (core.clj:5897)
    clojure.core$load_one.invoke (core.clj:5892)
    clojure.core$load_lib$fn__6796.invoke (core.clj:5937)
    clojure.core$load_lib.invokeStatic (core.clj:5936)
    clojure.core$load_lib.doInvoke (core.clj:5917)
    clojure.lang.RestFn.applyTo (RestFn.java:142)
    clojure.core$apply.invokeStatic (core.clj:669)
    clojure.core$load_libs.invokeStatic (core.clj:5974)
    clojure.core$load_libs.doInvoke (core.clj:5958)
    clojure.lang.RestFn.applyTo (RestFn.java:137)
    clojure.core$apply.invokeStatic (core.clj:669)
    clojure.core$require.invokeStatic (core.clj:5996)
    clojure.core$require.doInvoke (core.clj:5996)
    clojure.lang.RestFn.invoke (RestFn.java:436)
    fipp.clojure$eval902$loading__6737__auto____903.invoke (clojure.cljc:1)
    fipp.clojure$eval902.invokeStatic (clojure.cljc:1)
    fipp.clojure$eval902.invoke (clojure.cljc:1)
    clojure.lang.Compiler.eval (Compiler.java:7181)
    clojure.lang.Compiler.eval (Compiler.java:7170)
    clojure.lang.Compiler.load (Compiler.java:7640)
    clojure.lang.RT.loadResourceScript (RT.java:381)
    clojure.lang.RT.loadResourceScript (RT.java:372)
    clojure.lang.RT.load (RT.java:459)
    clojure.lang.RT.load (RT.java:424)
    clojure.core$load$fn__6856.invoke (core.clj:6115)
    clojure.core$load.invokeStatic (core.clj:6114)
    clojure.core$load.doInvoke (core.clj:6098)
    clojure.lang.RestFn.invoke (RestFn.java:408)
    clojure.core$load_one.invokeStatic (core.clj:5897)
    clojure.core$load_one.invoke (core.clj:5892)
    clojure.core$load_lib$fn__6796.invoke (core.clj:5937)
    clojure.core$load_lib.invokeStatic (core.clj:5936)
    clojure.core$load_lib.doInvoke (core.clj:5917)
    clojure.lang.RestFn.applyTo (RestFn.java:142)
    clojure.core$apply.invokeStatic (core.clj:669)
    clojure.core$load_libs.invokeStatic (core.clj:5974)
    clojure.core$load_libs.doInvoke (core.clj:5958)
    clojure.lang.RestFn.applyTo (RestFn.java:137)
    clojure.core$apply.invokeStatic (core.clj:669)
    clojure.core$require.invokeStatic (core.clj:5996)
    clojure.core$require.doInvoke (core.clj:5996)
    clojure.lang.RestFn.invoke (RestFn.java:805)
    cider.enrich_classpath$eval721$loading__6737__auto____722.invoke (enrich_classpath.clj:1)
    cider.enrich_classpath$eval721.invokeStatic (enrich_classpath.clj:1)
    cider.enrich_classpath$eval721.invoke (enrich_classpath.clj:1)
    clojure.lang.Compiler.eval (Compiler.java:7181)
    clojure.lang.Compiler.eval (Compiler.java:7170)
    clojure.lang.Compiler.load (Compiler.java:7640)
    clojure.lang.RT.loadResourceScript (RT.java:381)
    clojure.lang.RT.loadResourceScript (RT.java:372)
    clojure.lang.RT.load (RT.java:459)
    clojure.lang.RT.load (RT.java:424)
    clojure.core$load$fn__6856.invoke (core.clj:6115)
    clojure.core$load.invokeStatic (core.clj:6114)
    clojure.core$load.doInvoke (core.clj:6098)
    clojure.lang.RestFn.invoke (RestFn.java:408)
    clojure.core$load_one.invokeStatic (core.clj:5897)
    clojure.core$load_one.invoke (core.clj:5892)
    clojure.core$load_lib$fn__6796.invoke (core.clj:5937)
    clojure.core$load_lib.invokeStatic (core.clj:5936)
    clojure.core$load_lib.doInvoke (core.clj:5917)
    clojure.lang.RestFn.applyTo (RestFn.java:142)
    clojure.core$apply.invokeStatic (core.clj:669)
    clojure.core$load_libs.invokeStatic (core.clj:5974)
    clojure.core$load_libs.doInvoke (core.clj:5958)
    clojure.lang.RestFn.applyTo (RestFn.java:137)
    clojure.core$apply.invokeStatic (core.clj:669)
    clojure.core$require.invokeStatic (core.clj:5996)
    clojure.core$require.doInvoke (core.clj:5996)
    clojure.lang.RestFn.invoke (RestFn.java:408)
    leiningen.core.utils$require_resolve.invokeStatic (utils.clj:102)
    leiningen.core.utils$require_resolve.invoke (utils.clj:95)
    leiningen.core.project$apply_middleware.invokeStatic (project.clj:853)
    leiningen.core.project$apply_middleware.invoke (project.clj:846)
    clojure.core.protocols$naive_seq_reduce.invokeStatic (protocols.clj:62)
    clojure.core.protocols$interface_or_naive_reduce.invokeStatic (protocols.clj:72)
    clojure.core.protocols$fn__8181.invokeStatic (protocols.clj:169)
    clojure.core.protocols/fn (protocols.clj:124)
    clojure.core.protocols$fn__8136$G__8131__8145.invoke (protocols.clj:19)
    clojure.core.protocols$seq_reduce.invokeStatic (protocols.clj:31)
    clojure.core.protocols$fn__8168.invokeStatic (protocols.clj:75)
    clojure.core.protocols/fn (protocols.clj:75)
    clojure.core.protocols$fn__8110$G__8105__8123.invoke (protocols.clj:13)
    clojure.core$reduce.invokeStatic (core.clj:6830)
    clojure.core$reduce.invoke (core.clj:6812)
    leiningen.core.project$apply_middleware.invokeStatic (project.clj:848)
    leiningen.core.project$apply_middleware.invoke (project.clj:846)
    leiningen.core.project$activate_middleware.invokeStatic (project.clj:880)
    leiningen.core.project$activate_middleware.invoke (project.clj:876)
    leiningen.update_in$update_project.invokeStatic (update_in.clj:22)
    leiningen.update_in$update_project.invoke (update_in.clj:16)
    leiningen.update_in$update_in.invokeStatic (update_in.clj:37)
    leiningen.update_in$update_in.doInvoke (update_in.clj:24)
    clojure.lang.RestFn.applyTo (RestFn.java:146)
    clojure.lang.Var.applyTo (Var.java:705)
    clojure.core$apply.invokeStatic (core.clj:669)
    clojure.core$apply.invoke (core.clj:662)
    leiningen.core.main$partial_task$fn__7340.doInvoke (main.clj:284)
    clojure.lang.RestFn.applyTo (RestFn.java:139)
    clojure.lang.AFunction$1.doInvoke (AFunction.java:31)
    clojure.lang.RestFn.applyTo (RestFn.java:137)
    clojure.core$apply.invokeStatic (core.clj:669)
    clojure.core$apply.invoke (core.clj:662)
    leiningen.core.main$apply_task.invokeStatic (main.clj:334)
    leiningen.core.main$apply_task.invoke (main.clj:320)
    leiningen.core.main$resolve_and_apply.invokeStatic (main.clj:343)
    leiningen.core.main$resolve_and_apply.invoke (main.clj:336)
    leiningen.update_in$update_in.invokeStatic (update_in.clj:37)
    leiningen.update_in$update_in.doInvoke (update_in.clj:24)
    clojure.lang.RestFn.applyTo (RestFn.java:146)
    clojure.lang.Var.applyTo (Var.java:705)
    clojure.core$apply.invokeStatic (core.clj:669)
    clojure.core$apply.invoke (core.clj:662)
    leiningen.core.main$partial_task$fn__7340.doInvoke (main.clj:284)
    clojure.lang.RestFn.applyTo (RestFn.java:139)
    clojure.lang.AFunction$1.doInvoke (AFunction.java:31)
    clojure.lang.RestFn.applyTo (RestFn.java:137)
    clojure.core$apply.invokeStatic (core.clj:669)
    clojure.core$apply.invoke (core.clj:662)
    leiningen.core.main$apply_task.invokeStatic (main.clj:334)
    leiningen.core.main$apply_task.invoke (main.clj:320)
    leiningen.core.main$resolve_and_apply.invokeStatic (main.clj:343)
    leiningen.core.main$resolve_and_apply.invoke (main.clj:336)
    leiningen.update_in$update_in.invokeStatic (update_in.clj:37)
    leiningen.update_in$update_in.doInvoke (update_in.clj:24)
    clojure.lang.RestFn.applyTo (RestFn.java:146)
    clojure.lang.Var.applyTo (Var.java:705)
    clojure.core$apply.invokeStatic (core.clj:669)
    clojure.core$apply.invoke (core.clj:662)
    leiningen.core.main$partial_task$fn__7340.doInvoke (main.clj:284)
    clojure.lang.RestFn.applyTo (RestFn.java:139)
    clojure.lang.AFunction$1.doInvoke (AFunction.java:31)
    clojure.lang.RestFn.applyTo (RestFn.java:137)
    clojure.core$apply.invokeStatic (core.clj:669)
    clojure.core$apply.invoke (core.clj:662)
    leiningen.core.main$apply_task.invokeStatic (main.clj:334)
    leiningen.core.main$apply_task.invoke (main.clj:320)
    leiningen.core.main$resolve_and_apply.invokeStatic (main.clj:343)
    leiningen.core.main$resolve_and_apply.invoke (main.clj:336)
    leiningen.update_in$update_in.invokeStatic (update_in.clj:37)
    leiningen.update_in$update_in.doInvoke (update_in.clj:24)
    clojure.lang.RestFn.applyTo (RestFn.java:146)
    clojure.lang.Var.applyTo (Var.java:705)
    clojure.core$apply.invokeStatic (core.clj:669)
    clojure.core$apply.invoke (core.clj:662)
    leiningen.core.main$partial_task$fn__7340.doInvoke (main.clj:284)
    clojure.lang.RestFn.applyTo (RestFn.java:139)
    clojure.lang.AFunction$1.doInvoke (AFunction.java:31)
    clojure.lang.RestFn.applyTo (RestFn.java:137)
    clojure.core$apply.invokeStatic (core.clj:669)
    clojure.core$apply.invoke (core.clj:662)
    leiningen.core.main$apply_task.invokeStatic (main.clj:334)
    leiningen.core.main$apply_task.invoke (main.clj:320)
    leiningen.core.main$resolve_and_apply.invokeStatic (main.clj:343)
    leiningen.core.main$resolve_and_apply.invoke (main.clj:336)
    leiningen.update_in$update_in.invokeStatic (update_in.clj:37)
    leiningen.update_in$update_in.doInvoke (update_in.clj:24)
    clojure.lang.RestFn.applyTo (RestFn.java:146)
    clojure.lang.Var.applyTo (Var.java:705)
    clojure.core$apply.invokeStatic (core.clj:669)
    clojure.core$apply.invoke (core.clj:662)
    leiningen.core.main$partial_task$fn__7340.doInvoke (main.clj:284)
    clojure.lang.RestFn.applyTo (RestFn.java:139)
    clojure.lang.AFunction$1.doInvoke (AFunction.java:31)
    clojure.lang.RestFn.applyTo (RestFn.java:137)
    clojure.core$apply.invokeStatic (core.clj:669)
    clojure.core$apply.invoke (core.clj:662)
    leiningen.core.main$apply_task.invokeStatic (main.clj:334)
    leiningen.core.main$apply_task.invoke (main.clj:320)
    leiningen.core.main$resolve_and_apply.invokeStatic (main.clj:343)
    leiningen.core.main$resolve_and_apply.invoke (main.clj:336)
    leiningen.core.main$_main$fn__7429.invoke (main.clj:453)
    leiningen.core.main$_main.invokeStatic (main.clj:442)
    leiningen.core.main$_main.doInvoke (main.clj:439)
    clojure.lang.RestFn.applyTo (RestFn.java:137)
    clojure.lang.Var.applyTo (Var.java:705)
    clojure.core$apply.invokeStatic (core.clj:667)
    clojure.main$main_opt.invokeStatic (main.clj:514)
    clojure.main$main_opt.invoke (main.clj:510)
    clojure.main$main.invokeStatic (main.clj:664)
    clojure.main$main.doInvoke (main.clj:616)
    clojure.lang.RestFn.applyTo (RestFn.java:137)
    clojure.lang.Var.applyTo (Var.java:705)
    clojure.main.main (main.java:40)
Caused by: java.lang.RuntimeException: Unable to resolve var: clojure.instant/thread-local-utc-date-format in this context
 at clojure.lang.Util.runtimeException (Util.java:221)
    clojure.lang.Compiler$TheVarExpr$Parser.parse (Compiler.java:720)
    clojure.lang.Compiler.analyzeSeq (Compiler.java:7111)
    clojure.lang.Compiler.analyze (Compiler.java:6793)
    clojure.lang.Compiler.analyze (Compiler.java:6749)
    clojure.lang.Compiler$InvokeExpr.parse (Compiler.java:3892)
    clojure.lang.Compiler.analyzeSeq (Compiler.java:7113)
    clojure.lang.Compiler.analyze (Compiler.java:6793)
    clojure.lang.Compiler.access$300 (Compiler.java:38)
    clojure.lang.Compiler$LetExpr$Parser.parse (Compiler.java:6388)
    clojure.lang.Compiler.analyzeSeq (Compiler.java:7111)
    clojure.lang.Compiler.analyze (Compiler.java:6793)
    clojure.lang.Compiler.analyzeSeq (Compiler.java:7099)
    clojure.lang.Compiler.analyze (Compiler.java:6793)
    clojure.lang.Compiler.analyze (Compiler.java:6749)
    clojure.lang.Compiler$BodyExpr$Parser.parse (Compiler.java:6124)
    clojure.lang.Compiler$FnMethod.parse (Compiler.java:5471)
    clojure.lang.Compiler$FnExpr.parse (Compiler.java:4033)
    clojure.lang.Compiler.analyzeSeq (Compiler.java:7109)
    clojure.lang.Compiler.analyze (Compiler.java:6793)
    clojure.lang.Compiler.analyzeSeq (Compiler.java:7099)
    clojure.lang.Compiler.analyze (Compiler.java:6793)
    clojure.lang.Compiler.analyze (Compiler.java:6749)
    clojure.lang.Compiler$MapExpr.parse (Compiler.java:3108)
    clojure.lang.Compiler.analyze (Compiler.java:6801)
    clojure.lang.Compiler.analyze (Compiler.java:6749)
    clojure.lang.Compiler$InvokeExpr.parse (Compiler.java:3892)
    clojure.lang.Compiler.analyzeSeq (Compiler.java:7113)
    clojure.lang.Compiler.analyze (Compiler.java:6793)
    clojure.lang.Compiler.analyze (Compiler.java:6749)
    clojure.lang.Compiler$BodyExpr$Parser.parse (Compiler.java:6124)
    clojure.lang.Compiler$FnMethod.parse (Compiler.java:5471)
    clojure.lang.Compiler$FnExpr.parse (Compiler.java:4033)
    clojure.lang.Compiler.analyzeSeq (Compiler.java:7109)
    clojure.lang.Compiler.analyze (Compiler.java:6793)
    clojure.lang.Compiler.eval (Compiler.java:7178)
    clojure.lang.Compiler.eval (Compiler.java:7170)
    clojure.lang.Compiler.load (Compiler.java:7640)
    clojure.lang.RT.loadResourceScript (RT.java:381)
    clojure.lang.RT.loadResourceScript (RT.java:372)
    clojure.lang.RT.load (RT.java:459)
    clojure.lang.RT.load (RT.java:424)
    clojure.core$load$fn__6856.invoke (core.clj:6115)
    clojure.core$load.invokeStatic (core.clj:6114)
    clojure.core$load.doInvoke (core.clj:6098)
    clojure.lang.RestFn.invoke (RestFn.java:408)
    clojure.core$load_one.invokeStatic (core.clj:5897)
    clojure.core$load_one.invoke (core.clj:5892)
    clojure.core$load_lib$fn__6796.invoke (core.clj:5937)
    clojure.core$load_lib.invokeStatic (core.clj:5936)
    clojure.core$load_lib.doInvoke (core.clj:5917)
    clojure.lang.RestFn.applyTo (RestFn.java:142)
    clojure.core$apply.invokeStatic (core.clj:669)
    clojure.core$load_libs.invokeStatic (core.clj:5974)
    clojure.core$load_libs.doInvoke (core.clj:5958)
    clojure.lang.RestFn.applyTo (RestFn.java:137)
    clojure.core$apply.invokeStatic (core.clj:669)
    clojure.core$require.invokeStatic (core.clj:5996)
    clojure.core$require.doInvoke (core.clj:5996)
    clojure.lang.RestFn.invoke (RestFn.java:421)
    fipp.visit$eval910$loading__6737__auto____911.invoke (visit.cljc:1)
    fipp.visit$eval910.invokeStatic (visit.cljc:1)
    fipp.visit$eval910.invoke (visit.cljc:1)
    clojure.lang.Compiler.eval (Compiler.java:7181)
    clojure.lang.Compiler.eval (Compiler.java:7170)
    clojure.lang.Compiler.load (Compiler.java:7640)
    clojure.lang.RT.loadResourceScript (RT.java:381)
    clojure.lang.RT.loadResourceScript (RT.java:372)
    clojure.lang.RT.load (RT.java:459)
    clojure.lang.RT.load (RT.java:424)
    clojure.core$load$fn__6856.invoke (core.clj:6115)
    clojure.core$load.invokeStatic (core.clj:6114)
    clojure.core$load.doInvoke (core.clj:6098)
    clojure.lang.RestFn.invoke (RestFn.java:408)
    clojure.core$load_one.invokeStatic (core.clj:5897)
    clojure.core$load_one.invoke (core.clj:5892)
    clojure.core$load_lib$fn__6796.invoke (core.clj:5937)
    clojure.core$load_lib.invokeStatic (core.clj:5936)
    clojure.core$load_lib.doInvoke (core.clj:5917)
    clojure.lang.RestFn.applyTo (RestFn.java:142)
    clojure.core$apply.invokeStatic (core.clj:669)
    clojure.core$load_libs.invokeStatic (core.clj:5974)
    clojure.core$load_libs.doInvoke (core.clj:5958)
    clojure.lang.RestFn.applyTo (RestFn.java:137)
    clojure.core$apply.invokeStatic (core.clj:669)
    clojure.core$require.invokeStatic (core.clj:5996)
    clojure.core$require.doInvoke (core.clj:5996)
    clojure.lang.RestFn.invoke (RestFn.java:436)
    fipp.clojure$eval902$loading__6737__auto____903.invoke (clojure.cljc:1)
    fipp.clojure$eval902.invokeStatic (clojure.cljc:1)
    fipp.clojure$eval902.invoke (clojure.cljc:1)
    clojure.lang.Compiler.eval (Compiler.java:7181)
    clojure.lang.Compiler.eval (Compiler.java:7170)
    clojure.lang.Compiler.load (Compiler.java:7640)
    clojure.lang.RT.loadResourceScript (RT.java:381)
    clojure.lang.RT.loadResourceScript (RT.java:372)
    clojure.lang.RT.load (RT.java:459)
    clojure.lang.RT.load (RT.java:424)
    clojure.core$load$fn__6856.invoke (core.clj:6115)
    clojure.core$load.invokeStatic (core.clj:6114)
    clojure.core$load.doInvoke (core.clj:6098)
    clojure.lang.RestFn.invoke (RestFn.java:408)
    clojure.core$load_one.invokeStatic (core.clj:5897)
    clojure.core$load_one.invoke (core.clj:5892)
    clojure.core$load_lib$fn__6796.invoke (core.clj:5937)
    clojure.core$load_lib.invokeStatic (core.clj:5936)
    clojure.core$load_lib.doInvoke (core.clj:5917)
    clojure.lang.RestFn.applyTo (RestFn.java:142)
    clojure.core$apply.invokeStatic (core.clj:669)
    clojure.core$load_libs.invokeStatic (core.clj:5974)
    clojure.core$load_libs.doInvoke (core.clj:5958)
    clojure.lang.RestFn.applyTo (RestFn.java:137)
    clojure.core$apply.invokeStatic (core.clj:669)
    clojure.core$require.invokeStatic (core.clj:5996)
    clojure.core$require.doInvoke (core.clj:5996)
    clojure.lang.RestFn.invoke (RestFn.java:805)
    cider.enrich_classpath$eval721$loading__6737__auto____722.invoke (enrich_classpath.clj:1)
    cider.enrich_classpath$eval721.invokeStatic (enrich_classpath.clj:1)
    cider.enrich_classpath$eval721.invoke (enrich_classpath.clj:1)
    clojure.lang.Compiler.eval (Compiler.java:7181)
    clojure.lang.Compiler.eval (Compiler.java:7170)
    clojure.lang.Compiler.load (Compiler.java:7640)
    clojure.lang.RT.loadResourceScript (RT.java:381)
    clojure.lang.RT.loadResourceScript (RT.java:372)
    clojure.lang.RT.load (RT.java:459)
    clojure.lang.RT.load (RT.java:424)
    clojure.core$load$fn__6856.invoke (core.clj:6115)
    clojure.core$load.invokeStatic (core.clj:6114)
    clojure.core$load.doInvoke (core.clj:6098)
    clojure.lang.RestFn.invoke (RestFn.java:408)
    clojure.core$load_one.invokeStatic (core.clj:5897)
    clojure.core$load_one.invoke (core.clj:5892)
    clojure.core$load_lib$fn__6796.invoke (core.clj:5937)
    clojure.core$load_lib.invokeStatic (core.clj:5936)
    clojure.core$load_lib.doInvoke (core.clj:5917)
    clojure.lang.RestFn.applyTo (RestFn.java:142)
    clojure.core$apply.invokeStatic (core.clj:669)
    clojure.core$load_libs.invokeStatic (core.clj:5974)
    clojure.core$load_libs.doInvoke (core.clj:5958)
    clojure.lang.RestFn.applyTo (RestFn.java:137)
    clojure.core$apply.invokeStatic (core.clj:669)
    clojure.core$require.invokeStatic (core.clj:5996)
    clojure.core$require.doInvoke (core.clj:5996)
    clojure.lang.RestFn.invoke (RestFn.java:408)
    leiningen.core.utils$require_resolve.invokeStatic (utils.clj:102)
    leiningen.core.utils$require_resolve.invoke (utils.clj:95)
    leiningen.core.project$apply_middleware.invokeStatic (project.clj:853)
    leiningen.core.project$apply_middleware.invoke (project.clj:846)
    clojure.core.protocols$naive_seq_reduce.invokeStatic (protocols.clj:62)
    clojure.core.protocols$interface_or_naive_reduce.invokeStatic (protocols.clj:72)
    clojure.core.protocols$fn__8181.invokeStatic (protocols.clj:169)
    clojure.core.protocols/fn (protocols.clj:124)
    clojure.core.protocols$fn__8136$G__8131__8145.invoke (protocols.clj:19)
    clojure.core.protocols$seq_reduce.invokeStatic (protocols.clj:31)
    clojure.core.protocols$fn__8168.invokeStatic (protocols.clj:75)
    clojure.core.protocols/fn (protocols.clj:75)
    clojure.core.protocols$fn__8110$G__8105__8123.invoke (protocols.clj:13)
    clojure.core$reduce.invokeStatic (core.clj:6830)
    clojure.core$reduce.invoke (core.clj:6812)
    leiningen.core.project$apply_middleware.invokeStatic (project.clj:848)
    leiningen.core.project$apply_middleware.invoke (project.clj:846)
    leiningen.core.project$activate_middleware.invokeStatic (project.clj:880)
    leiningen.core.project$activate_middleware.invoke (project.clj:876)
    leiningen.update_in$update_project.invokeStatic (update_in.clj:22)
    leiningen.update_in$update_project.invoke (update_in.clj:16)
    leiningen.update_in$update_in.invokeStatic (update_in.clj:37)
    leiningen.update_in$update_in.doInvoke (update_in.clj:24)
    clojure.lang.RestFn.applyTo (RestFn.java:146)
    clojure.lang.Var.applyTo (Var.java:705)
    clojure.core$apply.invokeStatic (core.clj:669)
    clojure.core$apply.invoke (core.clj:662)
    leiningen.core.main$partial_task$fn__7340.doInvoke (main.clj:284)
    clojure.lang.RestFn.applyTo (RestFn.java:139)
    clojure.lang.AFunction$1.doInvoke (AFunction.java:31)
    clojure.lang.RestFn.applyTo (RestFn.java:137)
    clojure.core$apply.invokeStatic (core.clj:669)
    clojure.core$apply.invoke (core.clj:662)
    leiningen.core.main$apply_task.invokeStatic (main.clj:334)
    leiningen.core.main$apply_task.invoke (main.clj:320)
    leiningen.core.main$resolve_and_apply.invokeStatic (main.clj:343)
    leiningen.core.main$resolve_and_apply.invoke (main.clj:336)
    leiningen.update_in$update_in.invokeStatic (update_in.clj:37)
    leiningen.update_in$update_in.doInvoke (update_in.clj:24)
    clojure.lang.RestFn.applyTo (RestFn.java:146)
    clojure.lang.Var.applyTo (Var.java:705)
    clojure.core$apply.invokeStatic (core.clj:669)
    clojure.core$apply.invoke (core.clj:662)
    leiningen.core.main$partial_task$fn__7340.doInvoke (main.clj:284)
    clojure.lang.RestFn.applyTo (RestFn.java:139)
    clojure.lang.AFunction$1.doInvoke (AFunction.java:31)
    clojure.lang.RestFn.applyTo (RestFn.java:137)
    clojure.core$apply.invokeStatic (core.clj:669)
    clojure.core$apply.invoke (core.clj:662)
    leiningen.core.main$apply_task.invokeStatic (main.clj:334)
    leiningen.core.main$apply_task.invoke (main.clj:320)
    leiningen.core.main$resolve_and_apply.invokeStatic (main.clj:343)
    leiningen.core.main$resolve_and_apply.invoke (main.clj:336)
    leiningen.update_in$update_in.invokeStatic (update_in.clj:37)
    leiningen.update_in$update_in.doInvoke (update_in.clj:24)
    clojure.lang.RestFn.applyTo (RestFn.java:146)
    clojure.lang.Var.applyTo (Var.java:705)
    clojure.core$apply.invokeStatic (core.clj:669)
    clojure.core$apply.invoke (core.clj:662)
    leiningen.core.main$partial_task$fn__7340.doInvoke (main.clj:284)
    clojure.lang.RestFn.applyTo (RestFn.java:139)
    clojure.lang.AFunction$1.doInvoke (AFunction.java:31)
    clojure.lang.RestFn.applyTo (RestFn.java:137)
    clojure.core$apply.invokeStatic (core.clj:669)
    clojure.core$apply.invoke (core.clj:662)
    leiningen.core.main$apply_task.invokeStatic (main.clj:334)
    leiningen.core.main$apply_task.invoke (main.clj:320)
    leiningen.core.main$resolve_and_apply.invokeStatic (main.clj:343)
    leiningen.core.main$resolve_and_apply.invoke (main.clj:336)
    leiningen.update_in$update_in.invokeStatic (update_in.clj:37)
    leiningen.update_in$update_in.doInvoke (update_in.clj:24)
    clojure.lang.RestFn.applyTo (RestFn.java:146)
    clojure.lang.Var.applyTo (Var.java:705)
    clojure.core$apply.invokeStatic (core.clj:669)
    clojure.core$apply.invoke (core.clj:662)
    leiningen.core.main$partial_task$fn__7340.doInvoke (main.clj:284)
    clojure.lang.RestFn.applyTo (RestFn.java:139)
    clojure.lang.AFunction$1.doInvoke (AFunction.java:31)
    clojure.lang.RestFn.applyTo (RestFn.java:137)
    clojure.core$apply.invokeStatic (core.clj:669)
    clojure.core$apply.invoke (core.clj:662)
    leiningen.core.main$apply_task.invokeStatic (main.clj:334)
    leiningen.core.main$apply_task.invoke (main.clj:320)
    leiningen.core.main$resolve_and_apply.invokeStatic (main.clj:343)
    leiningen.core.main$resolve_and_apply.invoke (main.clj:336)
    leiningen.update_in$update_in.invokeStatic (update_in.clj:37)
    leiningen.update_in$update_in.doInvoke (update_in.clj:24)
    clojure.lang.RestFn.applyTo (RestFn.java:146)
    clojure.lang.Var.applyTo (Var.java:705)
    clojure.core$apply.invokeStatic (core.clj:669)
    clojure.core$apply.invoke (core.clj:662)
    leiningen.core.main$partial_task$fn__7340.doInvoke (main.clj:284)
    clojure.lang.RestFn.applyTo (RestFn.java:139)
    clojure.lang.AFunction$1.doInvoke (AFunction.java:31)
    clojure.lang.RestFn.applyTo (RestFn.java:137)
    clojure.core$apply.invokeStatic (core.clj:669)
    clojure.core$apply.invoke (core.clj:662)
    leiningen.core.main$apply_task.invokeStatic (main.clj:334)
    leiningen.core.main$apply_task.invoke (main.clj:320)
    leiningen.core.main$resolve_and_apply.invokeStatic (main.clj:343)
    leiningen.core.main$resolve_and_apply.invoke (main.clj:336)
    leiningen.core.main$_main$fn__7429.invoke (main.clj:453)
    leiningen.core.main$_main.invokeStatic (main.clj:442)
    leiningen.core.main$_main.doInvoke (main.clj:439)
    clojure.lang.RestFn.applyTo (RestFn.java:137)
    clojure.lang.Var.applyTo (Var.java:705)
    clojure.core$apply.invokeStatic (core.clj:667)
    clojure.main$main_opt.invokeStatic (main.clj:514)
    clojure.main$main_opt.invoke (main.clj:510)
    clojure.main$main.invokeStatic (main.clj:664)
    clojure.main$main.doInvoke (main.clj:616)
    clojure.lang.RestFn.applyTo (RestFn.java:137)
    clojure.lang.Var.applyTo (Var.java:705)
    clojure.main.main (main.java:40)